<?xml version="1.0" encoding="UTF-8"?>
<testsuite xmlns:xsi="http://www.w3.org/2001/XMLSchema-instance" xsi:noNamespaceSchemaLocation="https://maven.apache.org/surefire/maven-surefire-plugin/xsd/surefire-test-report-3.0.xsd" version="3.0" name="com.manus.patrimonio.PatrimonioApiApplicationTests" time="5.775" tests="1" errors="0" skipped="0" failures="0">
  <properties>
    <property name="java.specification.version" value="23"/>
    <property name="sun.jnu.encoding" value="UTF-8"/>
    <property name="java.class.path" value="/home/jairo/git/patrimonio/patrimonio-api/target/test-classes:/home/jairo/git/patrimonio/patrimonio-api/target/classes:/home/jairo/.m2/repository/org/springframework/boot/spring-boot-starter-web/3.3.0/spring-boot-starter-web-3.3.0.jar:/home/jairo/.m2/repository/org/springframework/boot/spring-boot-starter/3.3.0/spring-boot-starter-3.3.0.jar:/home/jairo/.m2/repository/org/springframework/boot/spring-boot/3.3.0/spring-boot-3.3.0.jar:/home/jairo/.m2/repository/org/springframework/boot/spring-boot-autoconfigure/3.3.0/spring-boot-autoconfigure-3.3.0.jar:/home/jairo/.m2/repository/org/springframework/boot/spring-boot-starter-logging/3.3.0/spring-boot-starter-logging-3.3.0.jar:/home/jairo/.m2/repository/ch/qos/logback/logback-classic/1.5.6/logback-classic-1.5.6.jar:/home/jairo/.m2/repository/ch/qos/logback/logback-core/1.5.6/logback-core-1.5.6.jar:/home/jairo/.m2/repository/org/apache/logging/log4j/log4j-to-slf4j/2.23.1/log4j-to-slf4j-2.23.1.jar:/home/jairo/.m2/repository/org/slf4j/jul-to-slf4j/2.0.13/jul-to-slf4j-2.0.13.jar:/home/jairo/.m2/repository/jakarta/annotation/jakarta.annotation-api/2.1.1/jakarta.annotation-api-2.1.1.jar:/home/jairo/.m2/repository/org/yaml/snakeyaml/2.2/snakeyaml-2.2.jar:/home/jairo/.m2/repository/org/springframework/boot/spring-boot-starter-json/3.3.0/spring-boot-starter-json-3.3.0.jar:/home/jairo/.m2/repository/com/fasterxml/jackson/datatype/jackson-datatype-jdk8/2.17.1/jackson-datatype-jdk8-2.17.1.jar:/home/jairo/.m2/repository/com/fasterxml/jackson/module/jackson-module-parameter-names/2.17.1/jackson-module-parameter-names-2.17.1.jar:/home/jairo/.m2/repository/org/springframework/boot/spring-boot-starter-tomcat/3.3.0/spring-boot-starter-tomcat-3.3.0.jar:/home/jairo/.m2/repository/org/apache/tomcat/embed/tomcat-embed-core/10.1.24/tomcat-embed-core-10.1.24.jar:/home/jairo/.m2/repository/org/apache/tomcat/embed/tomcat-embed-websocket/10.1.24/tomcat-embed-websocket-10.1.24.jar:/home/jairo/.m2/repository/org/springframework/spring-web/6.1.8/spring-web-6.1.8.jar:/home/jairo/.m2/repository/org/springframework/spring-beans/6.1.8/spring-beans-6.1.8.jar:/home/jairo/.m2/repository/org/springframework/spring-webmvc/6.1.8/spring-webmvc-6.1.8.jar:/home/jairo/.m2/repository/org/springframework/spring-context/6.1.8/spring-context-6.1.8.jar:/home/jairo/.m2/repository/org/springframework/spring-expression/6.1.8/spring-expression-6.1.8.jar:/home/jairo/.m2/repository/org/springframework/boot/spring-boot-starter-data-jpa/3.3.0/spring-boot-starter-data-jpa-3.3.0.jar:/home/jairo/.m2/repository/org/springframework/boot/spring-boot-starter-aop/3.3.0/spring-boot-starter-aop-3.3.0.jar:/home/jairo/.m2/repository/org/aspectj/aspectjweaver/1.9.22/aspectjweaver-1.9.22.jar:/home/jairo/.m2/repository/org/springframework/boot/spring-boot-starter-jdbc/3.3.0/spring-boot-starter-jdbc-3.3.0.jar:/home/jairo/.m2/repository/com/zaxxer/HikariCP/5.1.0/HikariCP-5.1.0.jar:/home/jairo/.m2/repository/org/springframework/spring-jdbc/6.1.8/spring-jdbc-6.1.8.jar:/home/jairo/.m2/repository/org/hibernate/orm/hibernate-core/6.5.2.Final/hibernate-core-6.5.2.Final.jar:/home/jairo/.m2/repository/jakarta/persistence/jakarta.persistence-api/3.1.0/jakarta.persistence-api-3.1.0.jar:/home/jairo/.m2/repository/jakarta/transaction/jakarta.transaction-api/2.0.1/jakarta.transaction-api-2.0.1.jar:/home/jairo/.m2/repository/org/jboss/logging/jboss-logging/3.5.3.Final/jboss-logging-3.5.3.Final.jar:/home/jairo/.m2/repository/org/hibernate/common/hibernate-commons-annotations/6.0.6.Final/hibernate-commons-annotations-6.0.6.Final.jar:/home/jairo/.m2/repository/io/smallrye/jandex/3.1.2/jandex-3.1.2.jar:/home/jairo/.m2/repository/com/fasterxml/classmate/1.7.0/classmate-1.7.0.jar:/home/jairo/.m2/repository/net/bytebuddy/byte-buddy/1.14.16/byte-buddy-1.14.16.jar:/home/jairo/.m2/repository/org/glassfish/jaxb/jaxb-runtime/4.0.5/jaxb-runtime-4.0.5.jar:/home/jairo/.m2/repository/org/glassfish/jaxb/jaxb-core/4.0.5/jaxb-core-4.0.5.jar:/home/jairo/.m2/repository/org/glassfish/jaxb/txw2/4.0.5/txw2-4.0.5.jar:/home/jairo/.m2/repository/com/sun/istack/istack-commons-runtime/4.1.2/istack-commons-runtime-4.1.2.jar:/home/jairo/.m2/repository/jakarta/inject/jakarta.inject-api/2.0.1/jakarta.inject-api-2.0.1.jar:/home/jairo/.m2/repository/org/antlr/antlr4-runtime/4.13.0/antlr4-runtime-4.13.0.jar:/home/jairo/.m2/repository/org/springframework/data/spring-data-jpa/3.3.0/spring-data-jpa-3.3.0.jar:/home/jairo/.m2/repository/org/springframework/data/spring-data-commons/3.3.0/spring-data-commons-3.3.0.jar:/home/jairo/.m2/repository/org/springframework/spring-orm/6.1.8/spring-orm-6.1.8.jar:/home/jairo/.m2/repository/org/slf4j/slf4j-api/2.0.13/slf4j-api-2.0.13.jar:/home/jairo/.m2/repository/org/springframework/spring-aspects/6.1.8/spring-aspects-6.1.8.jar:/home/jairo/.m2/repository/org/springframework/boot/spring-boot-starter-validation/3.3.0/spring-boot-starter-validation-3.3.0.jar:/home/jairo/.m2/repository/org/apache/tomcat/embed/tomcat-embed-el/10.1.24/tomcat-embed-el-10.1.24.jar:/home/jairo/.m2/repository/org/hibernate/validator/hibernate-validator/8.0.1.Final/hibernate-validator-8.0.1.Final.jar:/home/jairo/.m2/repository/jakarta/validation/jakarta.validation-api/3.0.2/jakarta.validation-api-3.0.2.jar:/home/jairo/.m2/repository/org/springframework/boot/spring-boot-starter-security/3.3.0/spring-boot-starter-security-3.3.0.jar:/home/jairo/.m2/repository/org/springframework/spring-aop/6.1.8/spring-aop-6.1.8.jar:/home/jairo/.m2/repository/org/springframework/security/spring-security-config/6.3.0/spring-security-config-6.3.0.jar:/home/jairo/.m2/repository/org/springframework/security/spring-security-web/6.3.0/spring-security-web-6.3.0.jar:/home/jairo/.m2/repository/org/springframework/boot/spring-boot-starter-actuator/3.3.0/spring-boot-starter-actuator-3.3.0.jar:/home/jairo/.m2/repository/org/springframework/boot/spring-boot-actuator-autoconfigure/3.3.0/spring-boot-actuator-autoconfigure-3.3.0.jar:/home/jairo/.m2/repository/org/springframework/boot/spring-boot-actuator/3.3.0/spring-boot-actuator-3.3.0.jar:/home/jairo/.m2/repository/io/micrometer/micrometer-observation/1.13.0/micrometer-observation-1.13.0.jar:/home/jairo/.m2/repository/io/micrometer/micrometer-commons/1.13.0/micrometer-commons-1.13.0.jar:/home/jairo/.m2/repository/io/micrometer/micrometer-jakarta9/1.13.0/micrometer-jakarta9-1.13.0.jar:/home/jairo/.m2/repository/org/springframework/boot/spring-boot-starter-cache/3.3.0/spring-boot-starter-cache-3.3.0.jar:/home/jairo/.m2/repository/org/springframework/spring-context-support/6.1.8/spring-context-support-6.1.8.jar:/home/jairo/.m2/repository/org/springframework/boot/spring-boot-starter-data-redis/3.3.0/spring-boot-starter-data-redis-3.3.0.jar:/home/jairo/.m2/repository/io/lettuce/lettuce-core/6.3.2.RELEASE/lettuce-core-6.3.2.RELEASE.jar:/home/jairo/.m2/repository/io/netty/netty-common/4.1.110.Final/netty-common-4.1.110.Final.jar:/home/jairo/.m2/repository/io/netty/netty-handler/4.1.110.Final/netty-handler-4.1.110.Final.jar:/home/jairo/.m2/repository/io/netty/netty-resolver/4.1.110.Final/netty-resolver-4.1.110.Final.jar:/home/jairo/.m2/repository/io/netty/netty-buffer/4.1.110.Final/netty-buffer-4.1.110.Final.jar:/home/jairo/.m2/repository/io/netty/netty-transport-native-unix-common/4.1.110.Final/netty-transport-native-unix-common-4.1.110.Final.jar:/home/jairo/.m2/repository/io/netty/netty-codec/4.1.110.Final/netty-codec-4.1.110.Final.jar:/home/jairo/.m2/repository/io/netty/netty-transport/4.1.110.Final/netty-transport-4.1.110.Final.jar:/home/jairo/.m2/repository/io/projectreactor/reactor-core/3.6.6/reactor-core-3.6.6.jar:/home/jairo/.m2/repository/org/reactivestreams/reactive-streams/1.0.4/reactive-streams-1.0.4.jar:/home/jairo/.m2/repository/org/springframework/data/spring-data-redis/3.3.0/spring-data-redis-3.3.0.jar:/home/jairo/.m2/repository/org/springframework/data/spring-data-keyvalue/3.3.0/spring-data-keyvalue-3.3.0.jar:/home/jairo/.m2/repository/org/springframework/spring-oxm/6.1.8/spring-oxm-6.1.8.jar:/home/jairo/.m2/repository/org/springframework/boot/spring-boot-starter-mail/3.3.0/spring-boot-starter-mail-3.3.0.jar:/home/jairo/.m2/repository/org/eclipse/angus/jakarta.mail/2.0.3/jakarta.mail-2.0.3.jar:/home/jairo/.m2/repository/jakarta/activation/jakarta.activation-api/2.1.3/jakarta.activation-api-2.1.3.jar:/home/jairo/.m2/repository/org/eclipse/angus/angus-activation/2.0.2/angus-activation-2.0.2.jar:/home/jairo/.m2/repository/org/springframework/boot/spring-boot-starter-quartz/3.3.0/spring-boot-starter-quartz-3.3.0.jar:/home/jairo/.m2/repository/org/springframework/spring-tx/6.1.8/spring-tx-6.1.8.jar:/home/jairo/.m2/repository/org/quartz-scheduler/quartz/2.3.2/quartz-2.3.2.jar:/home/jairo/.m2/repository/com/mchange/mchange-commons-java/0.2.15/mchange-commons-java-0.2.15.jar:/home/jairo/.m2/repository/com/h2database/h2/2.2.224/h2-2.2.224.jar:/home/jairo/.m2/repository/org/postgresql/postgresql/42.7.3/postgresql-42.7.3.jar:/home/jairo/.m2/repository/org/checkerframework/checker-qual/3.42.0/checker-qual-3.42.0.jar:/home/jairo/.m2/repository/org/flywaydb/flyway-core/10.8.1/flyway-core-10.8.1.jar:/home/jairo/.m2/repository/com/fasterxml/jackson/dataformat/jackson-dataformat-toml/2.17.1/jackson-dataformat-toml-2.17.1.jar:/home/jairo/.m2/repository/com/google/code/gson/gson/2.10.1/gson-2.10.1.jar:/home/jairo/.m2/repository/org/flywaydb/flyway-database-postgresql/10.8.1/flyway-database-postgresql-10.8.1.jar:/home/jairo/.m2/repository/org/springdoc/springdoc-openapi-starter-webmvc-ui/2.3.0/springdoc-openapi-starter-webmvc-ui-2.3.0.jar:/home/jairo/.m2/repository/org/springdoc/springdoc-openapi-starter-webmvc-api/2.3.0/springdoc-openapi-starter-webmvc-api-2.3.0.jar:/home/jairo/.m2/repository/org/springdoc/springdoc-openapi-starter-common/2.3.0/springdoc-openapi-starter-common-2.3.0.jar:/home/jairo/.m2/repository/io/swagger/core/v3/swagger-core-jakarta/2.2.19/swagger-core-jakarta-2.2.19.jar:/home/jairo/.m2/repository/io/swagger/core/v3/swagger-annotations-jakarta/2.2.19/swagger-annotations-jakarta-2.2.19.jar:/home/jairo/.m2/repository/io/swagger/core/v3/swagger-models-jakarta/2.2.19/swagger-models-jakarta-2.2.19.jar:/home/jairo/.m2/repository/com/fasterxml/jackson/dataformat/jackson-dataformat-yaml/2.17.1/jackson-dataformat-yaml-2.17.1.jar:/home/jairo/.m2/repository/org/webjars/swagger-ui/5.10.3/swagger-ui-5.10.3.jar:/home/jairo/.m2/repository/org/mapstruct/mapstruct/1.5.5.Final/mapstruct-1.5.5.Final.jar:/home/jairo/.m2/repository/org/mapstruct/mapstruct-processor/1.5.5.Final/mapstruct-processor-1.5.5.Final.jar:/home/jairo/.m2/repository/org/apache/commons/commons-lang3/3.14.0/commons-lang3-3.14.0.jar:/home/jairo/.m2/repository/com/fasterxml/jackson/datatype/jackson-datatype-jsr310/2.17.1/jackson-datatype-jsr310-2.17.1.jar:/home/jairo/.m2/repository/com/fasterxml/jackson/core/jackson-annotations/2.17.1/jackson-annotations-2.17.1.jar:/home/jairo/.m2/repository/com/fasterxml/jackson/core/jackson-core/2.17.1/jackson-core-2.17.1.jar:/home/jairo/.m2/repository/com/fasterxml/jackson/core/jackson-databind/2.17.1/jackson-databind-2.17.1.jar:/home/jairo/.m2/repository/org/apache/poi/poi/5.2.4/poi-5.2.4.jar:/home/jairo/.m2/repository/commons-codec/commons-codec/1.16.1/commons-codec-1.16.1.jar:/home/jairo/.m2/repository/org/apache/commons/commons-collections4/4.4/commons-collections4-4.4.jar:/home/jairo/.m2/repository/org/apache/commons/commons-math3/3.6.1/commons-math3-3.6.1.jar:/home/jairo/.m2/repository/commons-io/commons-io/2.13.0/commons-io-2.13.0.jar:/home/jairo/.m2/repository/com/zaxxer/SparseBitSet/1.3/SparseBitSet-1.3.jar:/home/jairo/.m2/repository/org/apache/logging/log4j/log4j-api/2.23.1/log4j-api-2.23.1.jar:/home/jairo/.m2/repository/org/apache/poi/poi-ooxml/5.2.4/poi-ooxml-5.2.4.jar:/home/jairo/.m2/repository/org/apache/poi/poi-ooxml-lite/5.2.4/poi-ooxml-lite-5.2.4.jar:/home/jairo/.m2/repository/org/apache/xmlbeans/xmlbeans/5.1.1/xmlbeans-5.1.1.jar:/home/jairo/.m2/repository/org/apache/commons/commons-compress/1.24.0/commons-compress-1.24.0.jar:/home/jairo/.m2/repository/com/github/virtuald/curvesapi/1.08/curvesapi-1.08.jar:/home/jairo/.m2/repository/io/micrometer/micrometer-registry-prometheus/1.13.0/micrometer-registry-prometheus-1.13.0.jar:/home/jairo/.m2/repository/io/micrometer/micrometer-core/1.13.0/micrometer-core-1.13.0.jar:/home/jairo/.m2/repository/org/hdrhistogram/HdrHistogram/2.2.1/HdrHistogram-2.2.1.jar:/home/jairo/.m2/repository/org/latencyutils/LatencyUtils/2.0.3/LatencyUtils-2.0.3.jar:/home/jairo/.m2/repository/io/prometheus/prometheus-metrics-core/1.2.1/prometheus-metrics-core-1.2.1.jar:/home/jairo/.m2/repository/io/prometheus/prometheus-metrics-model/1.2.1/prometheus-metrics-model-1.2.1.jar:/home/jairo/.m2/repository/io/prometheus/prometheus-metrics-config/1.2.1/prometheus-metrics-config-1.2.1.jar:/home/jairo/.m2/repository/io/prometheus/prometheus-metrics-tracer-common/1.2.1/prometheus-metrics-tracer-common-1.2.1.jar:/home/jairo/.m2/repository/io/prometheus/prometheus-metrics-exposition-formats/1.2.1/prometheus-metrics-exposition-formats-1.2.1.jar:/home/jairo/.m2/repository/io/prometheus/prometheus-metrics-shaded-protobuf/1.2.1/prometheus-metrics-shaded-protobuf-1.2.1.jar:/home/jairo/.m2/repository/org/springframework/boot/spring-boot-starter-test/3.3.0/spring-boot-starter-test-3.3.0.jar:/home/jairo/.m2/repository/org/springframework/boot/spring-boot-test/3.3.0/spring-boot-test-3.3.0.jar:/home/jairo/.m2/repository/org/springframework/boot/spring-boot-test-autoconfigure/3.3.0/spring-boot-test-autoconfigure-3.3.0.jar:/home/jairo/.m2/repository/com/jayway/jsonpath/json-path/2.9.0/json-path-2.9.0.jar:/home/jairo/.m2/repository/jakarta/xml/bind/jakarta.xml.bind-api/4.0.2/jakarta.xml.bind-api-4.0.2.jar:/home/jairo/.m2/repository/net/minidev/json-smart/2.5.1/json-smart-2.5.1.jar:/home/jairo/.m2/repository/net/minidev/accessors-smart/2.5.1/accessors-smart-2.5.1.jar:/home/jairo/.m2/repository/org/ow2/asm/asm/9.6/asm-9.6.jar:/home/jairo/.m2/repository/org/assertj/assertj-core/3.25.3/assertj-core-3.25.3.jar:/home/jairo/.m2/repository/org/awaitility/awaitility/4.2.1/awaitility-4.2.1.jar:/home/jairo/.m2/repository/org/hamcrest/hamcrest/2.2/hamcrest-2.2.jar:/home/jairo/.m2/repository/org/junit/jupiter/junit-jupiter/5.10.2/junit-jupiter-5.10.2.jar:/home/jairo/.m2/repository/org/junit/jupiter/junit-jupiter-api/5.10.2/junit-jupiter-api-5.10.2.jar:/home/jairo/.m2/repository/org/opentest4j/opentest4j/1.3.0/opentest4j-1.3.0.jar:/home/jairo/.m2/repository/org/junit/platform/junit-platform-commons/1.10.2/junit-platform-commons-1.10.2.jar:/home/jairo/.m2/repository/org/apiguardian/apiguardian-api/1.1.2/apiguardian-api-1.1.2.jar:/home/jairo/.m2/repository/org/junit/jupiter/junit-jupiter-params/5.10.2/junit-jupiter-params-5.10.2.jar:/home/jairo/.m2/repository/org/junit/jupiter/junit-jupiter-engine/5.10.2/junit-jupiter-engine-5.10.2.jar:/home/jairo/.m2/repository/org/junit/platform/junit-platform-engine/1.10.2/junit-platform-engine-1.10.2.jar:/home/jairo/.m2/repository/org/mockito/mockito-core/5.11.0/mockito-core-5.11.0.jar:/home/jairo/.m2/repository/net/bytebuddy/byte-buddy-agent/1.14.16/byte-buddy-agent-1.14.16.jar:/home/jairo/.m2/repository/org/objenesis/objenesis/3.3/objenesis-3.3.jar:/home/jairo/.m2/repository/org/mockito/mockito-junit-jupiter/5.11.0/mockito-junit-jupiter-5.11.0.jar:/home/jairo/.m2/repository/org/skyscreamer/jsonassert/1.5.1/jsonassert-1.5.1.jar:/home/jairo/.m2/repository/com/vaadin/external/google/android-json/0.0.20131108.vaadin1/android-json-0.0.20131108.vaadin1.jar:/home/jairo/.m2/repository/org/springframework/spring-core/6.1.8/spring-core-6.1.8.jar:/home/jairo/.m2/repository/org/springframework/spring-jcl/6.1.8/spring-jcl-6.1.8.jar:/home/jairo/.m2/repository/org/springframework/spring-test/6.1.8/spring-test-6.1.8.jar:/home/jairo/.m2/repository/org/xmlunit/xmlunit-core/2.9.1/xmlunit-core-2.9.1.jar:/home/jairo/.m2/repository/org/springframework/security/spring-security-test/6.3.0/spring-security-test-6.3.0.jar:/home/jairo/.m2/repository/org/springframework/security/spring-security-core/6.3.0/spring-security-core-6.3.0.jar:/home/jairo/.m2/repository/org/springframework/security/spring-security-crypto/6.3.0/spring-security-crypto-6.3.0.jar:/home/jairo/.m2/repository/org/testcontainers/junit-jupiter/1.19.3/junit-jupiter-1.19.3.jar:/home/jairo/.m2/repository/org/testcontainers/testcontainers/1.19.3/testcontainers-1.19.3.jar:/home/jairo/.m2/repository/junit/junit/4.13.2/junit-4.13.2.jar:/home/jairo/.m2/repository/org/hamcrest/hamcrest-core/2.2/hamcrest-core-2.2.jar:/home/jairo/.m2/repository/org/rnorth/duct-tape/duct-tape/1.0.8/duct-tape-1.0.8.jar:/home/jairo/.m2/repository/org/jetbrains/annotations/17.0.0/annotations-17.0.0.jar:/home/jairo/.m2/repository/com/github/docker-java/docker-java-api/3.3.4/docker-java-api-3.3.4.jar:/home/jairo/.m2/repository/com/github/docker-java/docker-java-transport-zerodep/3.3.4/docker-java-transport-zerodep-3.3.4.jar:/home/jairo/.m2/repository/com/github/docker-java/docker-java-transport/3.3.4/docker-java-transport-3.3.4.jar:/home/jairo/.m2/repository/net/java/dev/jna/jna/5.13.0/jna-5.13.0.jar:/home/jairo/.m2/repository/org/testcontainers/postgresql/1.19.3/postgresql-1.19.3.jar:/home/jairo/.m2/repository/org/testcontainers/jdbc/1.19.3/jdbc-1.19.3.jar:/home/jairo/.m2/repository/org/testcontainers/database-commons/1.19.3/database-commons-1.19.3.jar:"/>
    <property name="java.vm.vendor" value="Azul Systems, Inc."/>
    <property name="sun.arch.data.model" value="64"/>
    <property name="java.vendor.url" value="http://www.azul.com/"/>
    <property name="user.timezone" value="America/Fortaleza"/>
    <property name="org.jboss.logging.provider" value="slf4j"/>
    <property name="os.name" value="Linux"/>
    <property name="java.vm.specification.version" value="23"/>
    <property name="sun.java.launcher" value="SUN_STANDARD"/>
    <property name="user.country" value="BR"/>
    <property name="sun.boot.library.path" value="/usr/lib/jvm/zulu23-ca-amd64/lib"/>
    <property name="sun.java.command" value="/home/jairo/git/patrimonio/patrimonio-api/target/surefire/surefirebooter-20250813164223019_3.jar /home/jairo/git/patrimonio/patrimonio-api/target/surefire 2025-08-13T16-42-22_985-jvmRun1 surefire-20250813164223019_1tmp surefire_0-20250813164223019_2tmp"/>
    <property name="jdk.debug" value="release"/>
    <property name="surefire.test.class.path" value="/home/jairo/git/patrimonio/patrimonio-api/target/test-classes:/home/jairo/git/patrimonio/patrimonio-api/target/classes:/home/jairo/.m2/repository/org/springframework/boot/spring-boot-starter-web/3.3.0/spring-boot-starter-web-3.3.0.jar:/home/jairo/.m2/repository/org/springframework/boot/spring-boot-starter/3.3.0/spring-boot-starter-3.3.0.jar:/home/jairo/.m2/repository/org/springframework/boot/spring-boot/3.3.0/spring-boot-3.3.0.jar:/home/jairo/.m2/repository/org/springframework/boot/spring-boot-autoconfigure/3.3.0/spring-boot-autoconfigure-3.3.0.jar:/home/jairo/.m2/repository/org/springframework/boot/spring-boot-starter-logging/3.3.0/spring-boot-starter-logging-3.3.0.jar:/home/jairo/.m2/repository/ch/qos/logback/logback-classic/1.5.6/logback-classic-1.5.6.jar:/home/jairo/.m2/repository/ch/qos/logback/logback-core/1.5.6/logback-core-1.5.6.jar:/home/jairo/.m2/repository/org/apache/logging/log4j/log4j-to-slf4j/2.23.1/log4j-to-slf4j-2.23.1.jar:/home/jairo/.m2/repository/org/slf4j/jul-to-slf4j/2.0.13/jul-to-slf4j-2.0.13.jar:/home/jairo/.m2/repository/jakarta/annotation/jakarta.annotation-api/2.1.1/jakarta.annotation-api-2.1.1.jar:/home/jairo/.m2/repository/org/yaml/snakeyaml/2.2/snakeyaml-2.2.jar:/home/jairo/.m2/repository/org/springframework/boot/spring-boot-starter-json/3.3.0/spring-boot-starter-json-3.3.0.jar:/home/jairo/.m2/repository/com/fasterxml/jackson/datatype/jackson-datatype-jdk8/2.17.1/jackson-datatype-jdk8-2.17.1.jar:/home/jairo/.m2/repository/com/fasterxml/jackson/module/jackson-module-parameter-names/2.17.1/jackson-module-parameter-names-2.17.1.jar:/home/jairo/.m2/repository/org/springframework/boot/spring-boot-starter-tomcat/3.3.0/spring-boot-starter-tomcat-3.3.0.jar:/home/jairo/.m2/repository/org/apache/tomcat/embed/tomcat-embed-core/10.1.24/tomcat-embed-core-10.1.24.jar:/home/jairo/.m2/repository/org/apache/tomcat/embed/tomcat-embed-websocket/10.1.24/tomcat-embed-websocket-10.1.24.jar:/home/jairo/.m2/repository/org/springframework/spring-web/6.1.8/spring-web-6.1.8.jar:/home/jairo/.m2/repository/org/springframework/spring-beans/6.1.8/spring-beans-6.1.8.jar:/home/jairo/.m2/repository/org/springframework/spring-webmvc/6.1.8/spring-webmvc-6.1.8.jar:/home/jairo/.m2/repository/org/springframework/spring-context/6.1.8/spring-context-6.1.8.jar:/home/jairo/.m2/repository/org/springframework/spring-expression/6.1.8/spring-expression-6.1.8.jar:/home/jairo/.m2/repository/org/springframework/boot/spring-boot-starter-data-jpa/3.3.0/spring-boot-starter-data-jpa-3.3.0.jar:/home/jairo/.m2/repository/org/springframework/boot/spring-boot-starter-aop/3.3.0/spring-boot-starter-aop-3.3.0.jar:/home/jairo/.m2/repository/org/aspectj/aspectjweaver/1.9.22/aspectjweaver-1.9.22.jar:/home/jairo/.m2/repository/org/springframework/boot/spring-boot-starter-jdbc/3.3.0/spring-boot-starter-jdbc-3.3.0.jar:/home/jairo/.m2/repository/com/zaxxer/HikariCP/5.1.0/HikariCP-5.1.0.jar:/home/jairo/.m2/repository/org/springframework/spring-jdbc/6.1.8/spring-jdbc-6.1.8.jar:/home/jairo/.m2/repository/org/hibernate/orm/hibernate-core/6.5.2.Final/hibernate-core-6.5.2.Final.jar:/home/jairo/.m2/repository/jakarta/persistence/jakarta.persistence-api/3.1.0/jakarta.persistence-api-3.1.0.jar:/home/jairo/.m2/repository/jakarta/transaction/jakarta.transaction-api/2.0.1/jakarta.transaction-api-2.0.1.jar:/home/jairo/.m2/repository/org/jboss/logging/jboss-logging/3.5.3.Final/jboss-logging-3.5.3.Final.jar:/home/jairo/.m2/repository/org/hibernate/common/hibernate-commons-annotations/6.0.6.Final/hibernate-commons-annotations-6.0.6.Final.jar:/home/jairo/.m2/repository/io/smallrye/jandex/3.1.2/jandex-3.1.2.jar:/home/jairo/.m2/repository/com/fasterxml/classmate/1.7.0/classmate-1.7.0.jar:/home/jairo/.m2/repository/net/bytebuddy/byte-buddy/1.14.16/byte-buddy-1.14.16.jar:/home/jairo/.m2/repository/org/glassfish/jaxb/jaxb-runtime/4.0.5/jaxb-runtime-4.0.5.jar:/home/jairo/.m2/repository/org/glassfish/jaxb/jaxb-core/4.0.5/jaxb-core-4.0.5.jar:/home/jairo/.m2/repository/org/glassfish/jaxb/txw2/4.0.5/txw2-4.0.5.jar:/home/jairo/.m2/repository/com/sun/istack/istack-commons-runtime/4.1.2/istack-commons-runtime-4.1.2.jar:/home/jairo/.m2/repository/jakarta/inject/jakarta.inject-api/2.0.1/jakarta.inject-api-2.0.1.jar:/home/jairo/.m2/repository/org/antlr/antlr4-runtime/4.13.0/antlr4-runtime-4.13.0.jar:/home/jairo/.m2/repository/org/springframework/data/spring-data-jpa/3.3.0/spring-data-jpa-3.3.0.jar:/home/jairo/.m2/repository/org/springframework/data/spring-data-commons/3.3.0/spring-data-commons-3.3.0.jar:/home/jairo/.m2/repository/org/springframework/spring-orm/6.1.8/spring-orm-6.1.8.jar:/home/jairo/.m2/repository/org/slf4j/slf4j-api/2.0.13/slf4j-api-2.0.13.jar:/home/jairo/.m2/repository/org/springframework/spring-aspects/6.1.8/spring-aspects-6.1.8.jar:/home/jairo/.m2/repository/org/springframework/boot/spring-boot-starter-validation/3.3.0/spring-boot-starter-validation-3.3.0.jar:/home/jairo/.m2/repository/org/apache/tomcat/embed/tomcat-embed-el/10.1.24/tomcat-embed-el-10.1.24.jar:/home/jairo/.m2/repository/org/hibernate/validator/hibernate-validator/8.0.1.Final/hibernate-validator-8.0.1.Final.jar:/home/jairo/.m2/repository/jakarta/validation/jakarta.validation-api/3.0.2/jakarta.validation-api-3.0.2.jar:/home/jairo/.m2/repository/org/springframework/boot/spring-boot-starter-security/3.3.0/spring-boot-starter-security-3.3.0.jar:/home/jairo/.m2/repository/org/springframework/spring-aop/6.1.8/spring-aop-6.1.8.jar:/home/jairo/.m2/repository/org/springframework/security/spring-security-config/6.3.0/spring-security-config-6.3.0.jar:/home/jairo/.m2/repository/org/springframework/security/spring-security-web/6.3.0/spring-security-web-6.3.0.jar:/home/jairo/.m2/repository/org/springframework/boot/spring-boot-starter-actuator/3.3.0/spring-boot-starter-actuator-3.3.0.jar:/home/jairo/.m2/repository/org/springframework/boot/spring-boot-actuator-autoconfigure/3.3.0/spring-boot-actuator-autoconfigure-3.3.0.jar:/home/jairo/.m2/repository/org/springframework/boot/spring-boot-actuator/3.3.0/spring-boot-actuator-3.3.0.jar:/home/jairo/.m2/repository/io/micrometer/micrometer-observation/1.13.0/micrometer-observation-1.13.0.jar:/home/jairo/.m2/repository/io/micrometer/micrometer-commons/1.13.0/micrometer-commons-1.13.0.jar:/home/jairo/.m2/repository/io/micrometer/micrometer-jakarta9/1.13.0/micrometer-jakarta9-1.13.0.jar:/home/jairo/.m2/repository/org/springframework/boot/spring-boot-starter-cache/3.3.0/spring-boot-starter-cache-3.3.0.jar:/home/jairo/.m2/repository/org/springframework/spring-context-support/6.1.8/spring-context-support-6.1.8.jar:/home/jairo/.m2/repository/org/springframework/boot/spring-boot-starter-data-redis/3.3.0/spring-boot-starter-data-redis-3.3.0.jar:/home/jairo/.m2/repository/io/lettuce/lettuce-core/6.3.2.RELEASE/lettuce-core-6.3.2.RELEASE.jar:/home/jairo/.m2/repository/io/netty/netty-common/4.1.110.Final/netty-common-4.1.110.Final.jar:/home/jairo/.m2/repository/io/netty/netty-handler/4.1.110.Final/netty-handler-4.1.110.Final.jar:/home/jairo/.m2/repository/io/netty/netty-resolver/4.1.110.Final/netty-resolver-4.1.110.Final.jar:/home/jairo/.m2/repository/io/netty/netty-buffer/4.1.110.Final/netty-buffer-4.1.110.Final.jar:/home/jairo/.m2/repository/io/netty/netty-transport-native-unix-common/4.1.110.Final/netty-transport-native-unix-common-4.1.110.Final.jar:/home/jairo/.m2/repository/io/netty/netty-codec/4.1.110.Final/netty-codec-4.1.110.Final.jar:/home/jairo/.m2/repository/io/netty/netty-transport/4.1.110.Final/netty-transport-4.1.110.Final.jar:/home/jairo/.m2/repository/io/projectreactor/reactor-core/3.6.6/reactor-core-3.6.6.jar:/home/jairo/.m2/repository/org/reactivestreams/reactive-streams/1.0.4/reactive-streams-1.0.4.jar:/home/jairo/.m2/repository/org/springframework/data/spring-data-redis/3.3.0/spring-data-redis-3.3.0.jar:/home/jairo/.m2/repository/org/springframework/data/spring-data-keyvalue/3.3.0/spring-data-keyvalue-3.3.0.jar:/home/jairo/.m2/repository/org/springframework/spring-oxm/6.1.8/spring-oxm-6.1.8.jar:/home/jairo/.m2/repository/org/springframework/boot/spring-boot-starter-mail/3.3.0/spring-boot-starter-mail-3.3.0.jar:/home/jairo/.m2/repository/org/eclipse/angus/jakarta.mail/2.0.3/jakarta.mail-2.0.3.jar:/home/jairo/.m2/repository/jakarta/activation/jakarta.activation-api/2.1.3/jakarta.activation-api-2.1.3.jar:/home/jairo/.m2/repository/org/eclipse/angus/angus-activation/2.0.2/angus-activation-2.0.2.jar:/home/jairo/.m2/repository/org/springframework/boot/spring-boot-starter-quartz/3.3.0/spring-boot-starter-quartz-3.3.0.jar:/home/jairo/.m2/repository/org/springframework/spring-tx/6.1.8/spring-tx-6.1.8.jar:/home/jairo/.m2/repository/org/quartz-scheduler/quartz/2.3.2/quartz-2.3.2.jar:/home/jairo/.m2/repository/com/mchange/mchange-commons-java/0.2.15/mchange-commons-java-0.2.15.jar:/home/jairo/.m2/repository/com/h2database/h2/2.2.224/h2-2.2.224.jar:/home/jairo/.m2/repository/org/postgresql/postgresql/42.7.3/postgresql-42.7.3.jar:/home/jairo/.m2/repository/org/checkerframework/checker-qual/3.42.0/checker-qual-3.42.0.jar:/home/jairo/.m2/repository/org/flywaydb/flyway-core/10.8.1/flyway-core-10.8.1.jar:/home/jairo/.m2/repository/com/fasterxml/jackson/dataformat/jackson-dataformat-toml/2.17.1/jackson-dataformat-toml-2.17.1.jar:/home/jairo/.m2/repository/com/google/code/gson/gson/2.10.1/gson-2.10.1.jar:/home/jairo/.m2/repository/org/flywaydb/flyway-database-postgresql/10.8.1/flyway-database-postgresql-10.8.1.jar:/home/jairo/.m2/repository/org/springdoc/springdoc-openapi-starter-webmvc-ui/2.3.0/springdoc-openapi-starter-webmvc-ui-2.3.0.jar:/home/jairo/.m2/repository/org/springdoc/springdoc-openapi-starter-webmvc-api/2.3.0/springdoc-openapi-starter-webmvc-api-2.3.0.jar:/home/jairo/.m2/repository/org/springdoc/springdoc-openapi-starter-common/2.3.0/springdoc-openapi-starter-common-2.3.0.jar:/home/jairo/.m2/repository/io/swagger/core/v3/swagger-core-jakarta/2.2.19/swagger-core-jakarta-2.2.19.jar:/home/jairo/.m2/repository/io/swagger/core/v3/swagger-annotations-jakarta/2.2.19/swagger-annotations-jakarta-2.2.19.jar:/home/jairo/.m2/repository/io/swagger/core/v3/swagger-models-jakarta/2.2.19/swagger-models-jakarta-2.2.19.jar:/home/jairo/.m2/repository/com/fasterxml/jackson/dataformat/jackson-dataformat-yaml/2.17.1/jackson-dataformat-yaml-2.17.1.jar:/home/jairo/.m2/repository/org/webjars/swagger-ui/5.10.3/swagger-ui-5.10.3.jar:/home/jairo/.m2/repository/org/mapstruct/mapstruct/1.5.5.Final/mapstruct-1.5.5.Final.jar:/home/jairo/.m2/repository/org/mapstruct/mapstruct-processor/1.5.5.Final/mapstruct-processor-1.5.5.Final.jar:/home/jairo/.m2/repository/org/apache/commons/commons-lang3/3.14.0/commons-lang3-3.14.0.jar:/home/jairo/.m2/repository/com/fasterxml/jackson/datatype/jackson-datatype-jsr310/2.17.1/jackson-datatype-jsr310-2.17.1.jar:/home/jairo/.m2/repository/com/fasterxml/jackson/core/jackson-annotations/2.17.1/jackson-annotations-2.17.1.jar:/home/jairo/.m2/repository/com/fasterxml/jackson/core/jackson-core/2.17.1/jackson-core-2.17.1.jar:/home/jairo/.m2/repository/com/fasterxml/jackson/core/jackson-databind/2.17.1/jackson-databind-2.17.1.jar:/home/jairo/.m2/repository/org/apache/poi/poi/5.2.4/poi-5.2.4.jar:/home/jairo/.m2/repository/commons-codec/commons-codec/1.16.1/commons-codec-1.16.1.jar:/home/jairo/.m2/repository/org/apache/commons/commons-collections4/4.4/commons-collections4-4.4.jar:/home/jairo/.m2/repository/org/apache/commons/commons-math3/3.6.1/commons-math3-3.6.1.jar:/home/jairo/.m2/repository/commons-io/commons-io/2.13.0/commons-io-2.13.0.jar:/home/jairo/.m2/repository/com/zaxxer/SparseBitSet/1.3/SparseBitSet-1.3.jar:/home/jairo/.m2/repository/org/apache/logging/log4j/log4j-api/2.23.1/log4j-api-2.23.1.jar:/home/jairo/.m2/repository/org/apache/poi/poi-ooxml/5.2.4/poi-ooxml-5.2.4.jar:/home/jairo/.m2/repository/org/apache/poi/poi-ooxml-lite/5.2.4/poi-ooxml-lite-5.2.4.jar:/home/jairo/.m2/repository/org/apache/xmlbeans/xmlbeans/5.1.1/xmlbeans-5.1.1.jar:/home/jairo/.m2/repository/org/apache/commons/commons-compress/1.24.0/commons-compress-1.24.0.jar:/home/jairo/.m2/repository/com/github/virtuald/curvesapi/1.08/curvesapi-1.08.jar:/home/jairo/.m2/repository/io/micrometer/micrometer-registry-prometheus/1.13.0/micrometer-registry-prometheus-1.13.0.jar:/home/jairo/.m2/repository/io/micrometer/micrometer-core/1.13.0/micrometer-core-1.13.0.jar:/home/jairo/.m2/repository/org/hdrhistogram/HdrHistogram/2.2.1/HdrHistogram-2.2.1.jar:/home/jairo/.m2/repository/org/latencyutils/LatencyUtils/2.0.3/LatencyUtils-2.0.3.jar:/home/jairo/.m2/repository/io/prometheus/prometheus-metrics-core/1.2.1/prometheus-metrics-core-1.2.1.jar:/home/jairo/.m2/repository/io/prometheus/prometheus-metrics-model/1.2.1/prometheus-metrics-model-1.2.1.jar:/home/jairo/.m2/repository/io/prometheus/prometheus-metrics-config/1.2.1/prometheus-metrics-config-1.2.1.jar:/home/jairo/.m2/repository/io/prometheus/prometheus-metrics-tracer-common/1.2.1/prometheus-metrics-tracer-common-1.2.1.jar:/home/jairo/.m2/repository/io/prometheus/prometheus-metrics-exposition-formats/1.2.1/prometheus-metrics-exposition-formats-1.2.1.jar:/home/jairo/.m2/repository/io/prometheus/prometheus-metrics-shaded-protobuf/1.2.1/prometheus-metrics-shaded-protobuf-1.2.1.jar:/home/jairo/.m2/repository/org/springframework/boot/spring-boot-starter-test/3.3.0/spring-boot-starter-test-3.3.0.jar:/home/jairo/.m2/repository/org/springframework/boot/spring-boot-test/3.3.0/spring-boot-test-3.3.0.jar:/home/jairo/.m2/repository/org/springframework/boot/spring-boot-test-autoconfigure/3.3.0/spring-boot-test-autoconfigure-3.3.0.jar:/home/jairo/.m2/repository/com/jayway/jsonpath/json-path/2.9.0/json-path-2.9.0.jar:/home/jairo/.m2/repository/jakarta/xml/bind/jakarta.xml.bind-api/4.0.2/jakarta.xml.bind-api-4.0.2.jar:/home/jairo/.m2/repository/net/minidev/json-smart/2.5.1/json-smart-2.5.1.jar:/home/jairo/.m2/repository/net/minidev/accessors-smart/2.5.1/accessors-smart-2.5.1.jar:/home/jairo/.m2/repository/org/ow2/asm/asm/9.6/asm-9.6.jar:/home/jairo/.m2/repository/org/assertj/assertj-core/3.25.3/assertj-core-3.25.3.jar:/home/jairo/.m2/repository/org/awaitility/awaitility/4.2.1/awaitility-4.2.1.jar:/home/jairo/.m2/repository/org/hamcrest/hamcrest/2.2/hamcrest-2.2.jar:/home/jairo/.m2/repository/org/junit/jupiter/junit-jupiter/5.10.2/junit-jupiter-5.10.2.jar:/home/jairo/.m2/repository/org/junit/jupiter/junit-jupiter-api/5.10.2/junit-jupiter-api-5.10.2.jar:/home/jairo/.m2/repository/org/opentest4j/opentest4j/1.3.0/opentest4j-1.3.0.jar:/home/jairo/.m2/repository/org/junit/platform/junit-platform-commons/1.10.2/junit-platform-commons-1.10.2.jar:/home/jairo/.m2/repository/org/apiguardian/apiguardian-api/1.1.2/apiguardian-api-1.1.2.jar:/home/jairo/.m2/repository/org/junit/jupiter/junit-jupiter-params/5.10.2/junit-jupiter-params-5.10.2.jar:/home/jairo/.m2/repository/org/junit/jupiter/junit-jupiter-engine/5.10.2/junit-jupiter-engine-5.10.2.jar:/home/jairo/.m2/repository/org/junit/platform/junit-platform-engine/1.10.2/junit-platform-engine-1.10.2.jar:/home/jairo/.m2/repository/org/mockito/mockito-core/5.11.0/mockito-core-5.11.0.jar:/home/jairo/.m2/repository/net/bytebuddy/byte-buddy-agent/1.14.16/byte-buddy-agent-1.14.16.jar:/home/jairo/.m2/repository/org/objenesis/objenesis/3.3/objenesis-3.3.jar:/home/jairo/.m2/repository/org/mockito/mockito-junit-jupiter/5.11.0/mockito-junit-jupiter-5.11.0.jar:/home/jairo/.m2/repository/org/skyscreamer/jsonassert/1.5.1/jsonassert-1.5.1.jar:/home/jairo/.m2/repository/com/vaadin/external/google/android-json/0.0.20131108.vaadin1/android-json-0.0.20131108.vaadin1.jar:/home/jairo/.m2/repository/org/springframework/spring-core/6.1.8/spring-core-6.1.8.jar:/home/jairo/.m2/repository/org/springframework/spring-jcl/6.1.8/spring-jcl-6.1.8.jar:/home/jairo/.m2/repository/org/springframework/spring-test/6.1.8/spring-test-6.1.8.jar:/home/jairo/.m2/repository/org/xmlunit/xmlunit-core/2.9.1/xmlunit-core-2.9.1.jar:/home/jairo/.m2/repository/org/springframework/security/spring-security-test/6.3.0/spring-security-test-6.3.0.jar:/home/jairo/.m2/repository/org/springframework/security/spring-security-core/6.3.0/spring-security-core-6.3.0.jar:/home/jairo/.m2/repository/org/springframework/security/spring-security-crypto/6.3.0/spring-security-crypto-6.3.0.jar:/home/jairo/.m2/repository/org/testcontainers/junit-jupiter/1.19.3/junit-jupiter-1.19.3.jar:/home/jairo/.m2/repository/org/testcontainers/testcontainers/1.19.3/testcontainers-1.19.3.jar:/home/jairo/.m2/repository/junit/junit/4.13.2/junit-4.13.2.jar:/home/jairo/.m2/repository/org/hamcrest/hamcrest-core/2.2/hamcrest-core-2.2.jar:/home/jairo/.m2/repository/org/rnorth/duct-tape/duct-tape/1.0.8/duct-tape-1.0.8.jar:/home/jairo/.m2/repository/org/jetbrains/annotations/17.0.0/annotations-17.0.0.jar:/home/jairo/.m2/repository/com/github/docker-java/docker-java-api/3.3.4/docker-java-api-3.3.4.jar:/home/jairo/.m2/repository/com/github/docker-java/docker-java-transport-zerodep/3.3.4/docker-java-transport-zerodep-3.3.4.jar:/home/jairo/.m2/repository/com/github/docker-java/docker-java-transport/3.3.4/docker-java-transport-3.3.4.jar:/home/jairo/.m2/repository/net/java/dev/jna/jna/5.13.0/jna-5.13.0.jar:/home/jairo/.m2/repository/org/testcontainers/postgresql/1.19.3/postgresql-1.19.3.jar:/home/jairo/.m2/repository/org/testcontainers/jdbc/1.19.3/jdbc-1.19.3.jar:/home/jairo/.m2/repository/org/testcontainers/database-commons/1.19.3/database-commons-1.19.3.jar:"/>
    <property name="test" value="PatrimonioApiApplicationTests"/>
    <property name="sun.cpu.endian" value="little"/>
    <property name="user.home" value="/home/jairo"/>
    <property name="user.language" value="pt"/>
    <property name="java.specification.vendor" value="Oracle Corporation"/>
    <property name="java.version.date" value="2025-01-21"/>
    <property name="java.home" value="/usr/lib/jvm/zulu23-ca-amd64"/>
    <property name="file.separator" value="/"/>
    <property name="basedir" value="/home/jairo/git/patrimonio/patrimonio-api"/>
    <property name="java.vm.compressedOopsMode" value="Zero based"/>
    <property name="line.separator" value="&#10;"/>
    <property name="java.vm.specification.vendor" value="Oracle Corporation"/>
    <property name="java.specification.name" value="Java Platform API Specification"/>
    <property name="FILE_LOG_CHARSET" value="UTF-8"/>
    <property name="java.awt.headless" value="true"/>
    <property name="surefire.real.class.path" value="/home/jairo/git/patrimonio/patrimonio-api/target/surefire/surefirebooter-20250813164223019_3.jar"/>
    <property name="sun.management.compiler" value="HotSpot 64-Bit Tiered Compilers"/>
    <property name="java.runtime.version" value="23.0.2+7"/>
    <property name="user.name" value="jairo"/>
    <property name="stdout.encoding" value="UTF-8"/>
    <property name="path.separator" value=":"/>
    <property name="os.version" value="6.1.0-9-amd64"/>
    <property name="java.runtime.name" value="OpenJDK Runtime Environment"/>
    <property name="file.encoding" value="UTF-8"/>
    <property name="FILE_LOG_PATTERN" value="%d{yyyy-MM-dd HH:mm:ss} [%thread] %-5level %logger{36} - %msg%n"/>
    <property name="java.vm.name" value="OpenJDK 64-Bit Server VM"/>
    <property name="java.vendor.version" value="Zulu23.32+11-CA"/>
    <property name="localRepository" value="/home/jairo/.m2/repository"/>
    <property name="java.vendor.url.bug" value="http://www.azul.com/support/"/>
    <property name="java.io.tmpdir" value="/tmp"/>
    <property name="com.zaxxer.hikari.pool_number" value="2"/>
    <property name="java.version" value="23.0.2"/>
    <property name="user.dir" value="/home/jairo/git/patrimonio/patrimonio-api"/>
    <property name="os.arch" value="amd64"/>
    <property name="java.vm.specification.name" value="Java Virtual Machine Specification"/>
    <property name="PID" value="409532"/>
    <property name="CONSOLE_LOG_CHARSET" value="UTF-8"/>
    <property name="native.encoding" value="UTF-8"/>
    <property name="java.library.path" value="/tmp/.mount_Cursoriro8a1/usr/lib/:/tmp/.mount_Cursoriro8a1/usr/lib32/:/tmp/.mount_Cursoriro8a1/usr/lib64/:/tmp/.mount_Cursoriro8a1/lib/:/tmp/.mount_Cursoriro8a1/lib/i386-linux-gnu/:/tmp/.mount_Cursoriro8a1/lib/x86_64-linux-gnu/:/tmp/.mount_Cursoriro8a1/lib/aarch64-linux-gnu/:/tmp/.mount_Cursoriro8a1/lib32/:/tmp/.mount_Cursoriro8a1/lib64/::/usr/java/packages/lib:/usr/lib64:/lib64:/lib:/usr/lib"/>
    <property name="java.vm.info" value="mixed mode, sharing"/>
    <property name="stderr.encoding" value="UTF-8"/>
    <property name="java.vendor" value="Azul Systems, Inc."/>
    <property name="java.vm.version" value="23.0.2+7"/>
    <property name="sun.io.unicode.encoding" value="UnicodeLittle"/>
    <property name="java.class.version" value="67.0"/>
    <property name="CONSOLE_LOG_PATTERN" value="%d{yyyy-MM-dd HH:mm:ss} - %msg%n"/>
    <property name="LOGGED_APPLICATION_NAME" value="[sistema-patrimonio-api] "/>
  </properties>
  <testcase name="contextLoads" classname="com.manus.patrimonio.PatrimonioApiApplicationTests" time="0.285">
    <system-out><![CDATA[16:42:23.453 [main] INFO org.springframework.test.context.support.AnnotationConfigContextLoaderUtils -- Could not detect default configuration classes for test class [com.manus.patrimonio.PatrimonioApiApplicationTests]: PatrimonioApiApplicationTests does not declare any static, non-private, non-final, nested classes annotated with @Configuration.
16:42:23.504 [main] INFO org.springframework.boot.test.context.SpringBootTestContextBootstrapper -- Found @SpringBootConfiguration com.manus.patrimonio.SistemaPatrimonioApplication for test class com.manus.patrimonio.PatrimonioApiApplicationTests
  .   ____          _            __ _ _
 /\\ / ___'_ __ _ _(_)_ __  __ _ \ \ \ \
( ( )\___ | '_ | '_| | '_ \/ _` | \ \ \ \
 \\/  ___)| |_)| | | | | || (_| |  ) ) ) )
  '  |____| .__|_| |_|_| |_\__, | / / / /
 =========|_|==============|___/=/_/_/_/

 :: Spring Boot ::                (v3.3.0)

2025-08-13 16:42:23 - Starting PatrimonioApiApplicationTests using Java 23.0.2 with PID 409532 (started by jairo in /home/jairo/git/patrimonio/patrimonio-api)
2025-08-13 16:42:23 - Running with Spring Boot v3.3.0, Spring v6.1.8
2025-08-13 16:42:23 - The following 1 profile is active: "test"
2025-08-13 16:42:24 - Multiple Spring Data modules found, entering strict repository configuration mode
2025-08-13 16:42:24 - Bootstrapping Spring Data JPA repositories in DEFAULT mode.
2025-08-13 16:42:24 - Finished Spring Data repository scanning in 86 ms. Found 12 JPA repository interfaces.
2025-08-13 16:42:24 - Multiple Spring Data modules found, entering strict repository configuration mode
2025-08-13 16:42:24 - Bootstrapping Spring Data Redis repositories in DEFAULT mode.
2025-08-13 16:42:24 - Spring Data Redis - Could not safely identify store assignment for repository candidate interface com.manus.patrimonio.repository.AuditoriaRepository; If you want this repository to be a Redis repository, consider annotating your entities with one of these annotations: org.springframework.data.redis.core.RedisHash (preferred), or consider extending one of the following types with your repository: org.springframework.data.keyvalue.repository.KeyValueRepository
2025-08-13 16:42:24 - Spring Data Redis - Could not safely identify store assignment for repository candidate interface com.manus.patrimonio.repository.BaixaRepository; If you want this repository to be a Redis repository, consider annotating your entities with one of these annotations: org.springframework.data.redis.core.RedisHash (preferred), or consider extending one of the following types with your repository: org.springframework.data.keyvalue.repository.KeyValueRepository
2025-08-13 16:42:24 - Spring Data Redis - Could not safely identify store assignment for repository candidate interface com.manus.patrimonio.repository.BemRepository; If you want this repository to be a Redis repository, consider annotating your entities with one of these annotations: org.springframework.data.redis.core.RedisHash (preferred), or consider extending one of the following types with your repository: org.springframework.data.keyvalue.repository.KeyValueRepository
2025-08-13 16:42:24 - Spring Data Redis - Could not safely identify store assignment for repository candidate interface com.manus.patrimonio.repository.CategoriaRepository; If you want this repository to be a Redis repository, consider annotating your entities with one of these annotations: org.springframework.data.redis.core.RedisHash (preferred), or consider extending one of the following types with your repository: org.springframework.data.keyvalue.repository.KeyValueRepository
2025-08-13 16:42:24 - Spring Data Redis - Could not safely identify store assignment for repository candidate interface com.manus.patrimonio.repository.ConfiguracaoRepository; If you want this repository to be a Redis repository, consider annotating your entities with one of these annotations: org.springframework.data.redis.core.RedisHash (preferred), or consider extending one of the following types with your repository: org.springframework.data.keyvalue.repository.KeyValueRepository
2025-08-13 16:42:24 - Spring Data Redis - Could not safely identify store assignment for repository candidate interface com.manus.patrimonio.repository.InventarioRepository; If you want this repository to be a Redis repository, consider annotating your entities with one of these annotations: org.springframework.data.redis.core.RedisHash (preferred), or consider extending one of the following types with your repository: org.springframework.data.keyvalue.repository.KeyValueRepository
2025-08-13 16:42:24 - Spring Data Redis - Could not safely identify store assignment for repository candidate interface com.manus.patrimonio.repository.LocalizacaoRepository; If you want this repository to be a Redis repository, consider annotating your entities with one of these annotations: org.springframework.data.redis.core.RedisHash (preferred), or consider extending one of the following types with your repository: org.springframework.data.keyvalue.repository.KeyValueRepository
2025-08-13 16:42:24 - Spring Data Redis - Could not safely identify store assignment for repository candidate interface com.manus.patrimonio.repository.ManutencaoRepository; If you want this repository to be a Redis repository, consider annotating your entities with one of these annotations: org.springframework.data.redis.core.RedisHash (preferred), or consider extending one of the following types with your repository: org.springframework.data.keyvalue.repository.KeyValueRepository
2025-08-13 16:42:24 - Spring Data Redis - Could not safely identify store assignment for repository candidate interface com.manus.patrimonio.repository.MovimentacaoRepository; If you want this repository to be a Redis repository, consider annotating your entities with one of these annotations: org.springframework.data.redis.core.RedisHash (preferred), or consider extending one of the following types with your repository: org.springframework.data.keyvalue.repository.KeyValueRepository
2025-08-13 16:42:24 - Spring Data Redis - Could not safely identify store assignment for repository candidate interface com.manus.patrimonio.repository.NotificacaoRepository; If you want this repository to be a Redis repository, consider annotating your entities with one of these annotations: org.springframework.data.redis.core.RedisHash (preferred), or consider extending one of the following types with your repository: org.springframework.data.keyvalue.repository.KeyValueRepository
2025-08-13 16:42:24 - Spring Data Redis - Could not safely identify store assignment for repository candidate interface com.manus.patrimonio.repository.PerfilRepository; If you want this repository to be a Redis repository, consider annotating your entities with one of these annotations: org.springframework.data.redis.core.RedisHash (preferred), or consider extending one of the following types with your repository: org.springframework.data.keyvalue.repository.KeyValueRepository
2025-08-13 16:42:24 - Spring Data Redis - Could not safely identify store assignment for repository candidate interface com.manus.patrimonio.repository.UsuarioRepository; If you want this repository to be a Redis repository, consider annotating your entities with one of these annotations: org.springframework.data.redis.core.RedisHash (preferred), or consider extending one of the following types with your repository: org.springframework.data.keyvalue.repository.KeyValueRepository
2025-08-13 16:42:24 - Finished Spring Data repository scanning in 11 ms. Found 0 Redis repository interfaces.
2025-08-13 16:42:24 - HikariPool-1 - Starting...
2025-08-13 16:42:24 - HikariPool-1 - Added connection org.postgresql.jdbc.PgConnection@3f3a6091
2025-08-13 16:42:24 - HikariPool-1 - Start completed.
2025-08-13 16:42:24 - Database: jdbc:postgresql://localhost:5432/patrimonio_db (PostgreSQL 15.13)
2025-08-13 16:42:24 - Schema history table "public"."flyway_schema_history" does not exist yet
2025-08-13 16:42:24 - Successfully validated 12 migrations (execution time 00:00.010s)
2025-08-13 16:42:24 - Creating Schema History table "public"."flyway_schema_history" ...
2025-08-13 16:42:25 - Current version of schema "public": << Empty Schema >>
2025-08-13 16:42:25 - Migrating schema "public" to version "1 - Create initial tables"
2025-08-13 16:42:25 - Migrating schema "public" to version "2 - Insert initial data"
2025-08-13 16:42:25 - Migrating schema "public" to version "3 - Fix auditoria table"
2025-08-13 16:42:25 - Migrating schema "public" to version "4 - Add missing auditoria columns"
2025-08-13 16:42:25 - Migrating schema "public" to version "5 - Add missing baixas columns"
2025-08-13 16:42:25 - Migrating schema "public" to version "6 - Add data aprovacao column"
2025-08-13 16:42:25 - Migrating schema "public" to version "7 - Add missing bens columns"
2025-08-13 16:42:25 - DB: column "nome" of relation "bens" already exists, skipping (SQL State: 42701 - Error Code: 0)
2025-08-13 16:42:25 - DB: column "garantia_ate" of relation "bens" already exists, skipping (SQL State: 42701 - Error Code: 0)
2025-08-13 16:42:25 - Migrating schema "public" to version "8 - Add ativo column"
2025-08-13 16:42:25 - Migrating schema "public" to version "9 - Add remaining bens columns"
2025-08-13 16:42:25 - Migrating schema "public" to version "10 - Add fabricante fornecedor columns"
2025-08-13 16:42:25 - DB: column "fornecedor" of relation "bens" already exists, skipping (SQL State: 42701 - Error Code: 0)
2025-08-13 16:42:25 - Migrating schema "public" to version "11 - Add all missing columns"
2025-08-13 16:42:25 - DB: column "observacoes" of relation "bens" already exists, skipping (SQL State: 42701 - Error Code: 0)
2025-08-13 16:42:25 - Migrating schema "public" to version "12 - Add numero tombamento column"
2025-08-13 16:42:25 - Successfully applied 12 migrations to schema "public", now at version v12 (execution time 00:00.106s)
2025-08-13 16:42:25 - HHH000204: Processing PersistenceUnitInfo [name: default]
2025-08-13 16:42:25 - HHH000412: Hibernate ORM core version 6.5.2.Final
2025-08-13 16:42:25 - HHH000026: Second-level cache disabled
2025-08-13 16:42:25 - No LoadTimeWeaver setup: ignoring JPA class transformer
2025-08-13 16:42:25 - HHH90000025: PostgreSQLDialect does not need to be specified explicitly using 'hibernate.dialect' (remove the property setting and it will be selected by default)
2025-08-13 16:42:26 - HHH000489: No JTA platform available (set 'hibernate.transaction.jta.platform' to enable JTA platform integration)
2025-08-13 16:42:26 - 
    alter table if exists auditoria 
       alter column erro_ocorrido set data type varchar(255)
2025-08-13 16:42:26 - 
    alter table if exists auditoria 
       alter column metodo_http set data type varchar(255)
2025-08-13 16:42:26 - 
    alter table if exists auditoria 
       alter column parametros_requisicao set data type varchar(255)
2025-08-13 16:42:26 - 
    alter table if exists auditoria 
       alter column resultado_acao set data type varchar(255)
2025-08-13 16:42:26 - 
    alter table if exists auditoria 
       alter column url_requisicao set data type varchar(255)
2025-08-13 16:42:26 - 
    alter table if exists auditoria 
       alter column user_agent set data type varchar(255)
2025-08-13 16:42:26 - 
    alter table if exists baixas 
       alter column aprovado_por set data type varchar(255)
2025-08-13 16:42:26 - 
    alter table if exists baixas 
       alter column comprador set data type varchar(255)
2025-08-13 16:42:26 - 
    alter table if exists baixas 
       alter column descricao set data type varchar(1000)
2025-08-13 16:42:26 - 
    alter table if exists baixas 
       alter column documentacao_anexada set data type varchar(255)
2025-08-13 16:42:26 - 
    alter table if exists baixas 
       alter column justificativa_tecnica set data type varchar(255)
2025-08-13 16:42:26 - 
    alter table if exists baixas 
       alter column observacoes set data type varchar(1000)
2025-08-13 16:42:26 - 
    alter table if exists baixas 
       alter column valor_residual set data type numeric(12,2)
2025-08-13 16:42:26 - 
    alter table if exists baixas 
       alter column valor_venda set data type numeric(38,2)
2025-08-13 16:42:26 - 
    alter table if exists bens 
       alter column descricao set data type varchar(500)
2025-08-13 16:42:26 - 
    alter table if exists bens 
       alter column fornecedor set data type varchar(100)
2025-08-13 16:42:26 - 
    alter table if exists bens 
       alter column numero_serie set data type varchar(50)
2025-08-13 16:42:26 - 
    alter table if exists bens 
       alter column observacoes set data type varchar(1000)
2025-08-13 16:42:26 - 
    alter table if exists bens 
       alter column valor_aquisicao set data type numeric(12,2)
2025-08-13 16:42:26 - 
    alter table if exists bens 
       alter column valor_atual set data type numeric(12,2)
2025-08-13 16:42:26 - 
    alter table if exists categorias 
       alter column descricao set data type varchar(500)
2025-08-13 16:42:26 - 
    alter table if exists configuracoes 
       add column categoria varchar(255)
2025-08-13 16:42:26 - 
    alter table if exists configuracoes 
       alter column descricao set data type varchar(500)
2025-08-13 16:42:26 - 
    alter table if exists configuracoes 
       add column ordem_exibicao integer
2025-08-13 16:42:26 - 
    alter table if exists configuracoes 
       add column requer_restart boolean
2025-08-13 16:42:26 - 
    alter table if exists configuracoes 
       add column subcategoria varchar(255)
2025-08-13 16:42:26 - 
    alter table if exists configuracoes 
       add column unidade_medida varchar(255)
2025-08-13 16:42:26 - 
    alter table if exists configuracoes 
       add column validacao_regex varchar(255)
2025-08-13 16:42:26 - 
    alter table if exists configuracoes 
       alter column valor set data type varchar(255)
2025-08-13 16:42:26 - 
    alter table if exists configuracoes 
       add column valor_maximo varchar(255)
2025-08-13 16:42:26 - 
    alter table if exists configuracoes 
       add column valor_minimo varchar(255)
2025-08-13 16:42:26 - 
    alter table if exists configuracoes 
       add column valor_padrao varchar(255)
2025-08-13 16:42:26 - 
    alter table if exists configuracoes 
       add column valores_permitidos varchar(255)
2025-08-13 16:42:26 - 
    alter table if exists configuracoes 
       add column versao_configuracao varchar(255)
2025-08-13 16:42:26 - 
    alter table if exists configuracoes 
       add column visivel_interface boolean
2025-08-13 16:42:26 - 
    create table inventario_bens (
        inventario_id bigint not null,
        bem_id bigint not null
    )
2025-08-13 16:42:26 - 
    alter table if exists inventarios 
       alter column observacoes set data type varchar(1000)
2025-08-13 16:42:26 - 
    alter table if exists inventarios 
       alter column responsavel set data type varchar(100)
2025-08-13 16:42:26 - 
    alter table if exists inventarios 
       alter column status set data type varchar(255)
2025-08-13 16:42:26 - 
    alter table if exists localizacoes 
       add column contato varchar(50)
2025-08-13 16:42:26 - 
    alter table if exists localizacoes 
       alter column descricao set data type varchar(500)
2025-08-13 16:42:26 - 
    alter table if exists localizacoes 
       alter column endereco set data type varchar(200)
2025-08-13 16:42:26 - 
    alter table if exists localizacoes 
       alter column nome set data type varchar(100)
2025-08-13 16:42:26 - 
    alter table if exists localizacoes 
       alter column responsavel set data type varchar(100)
2025-08-13 16:42:26 - 
    alter table if exists manutencoes 
       add column causa_raiz varchar(255)
2025-08-13 16:42:26 - 
    alter table if exists manutencoes 
       alter column custo set data type numeric(12,2)
2025-08-13 16:42:26 - 
    alter table if exists manutencoes 
       add column data_agendamento timestamp(6)
2025-08-13 16:42:26 - 
    alter table if exists manutencoes 
       alter column descricao set data type varchar(1000)
2025-08-13 16:42:26 - 
    alter table if exists manutencoes 
       alter column observacoes set data type varchar(1000)
2025-08-13 16:42:26 - 
    alter table if exists manutencoes 
       add column prioridade integer
2025-08-13 16:42:26 - 
    alter table if exists manutencoes 
       add column recomendacoes varchar(255)
2025-08-13 16:42:26 - 
    alter table if exists manutencoes 
       add column solucao_aplicada varchar(255)
2025-08-13 16:42:26 - 
    alter table if exists manutencoes 
       alter column status set data type varchar(255)
2025-08-13 16:42:26 - 
    alter table if exists manutencoes 
       add column tempo_estimado_horas integer
2025-08-13 16:42:26 - 
    alter table if exists manutencoes 
       alter column tipo_manutencao set data type varchar(255)
2025-08-13 16:42:26 - 
    alter table if exists movimentacoes 
       alter column observacoes set data type varchar(1000)
2025-08-13 16:42:26 - 
    alter table if exists movimentacoes 
       alter column responsavel_movimentacao set data type varchar(100)
2025-08-13 16:42:26 - 
    alter table if exists movimentacoes 
       alter column tipo_movimentacao set data type varchar(255)
2025-08-13 16:42:26 - 
    alter table if exists notificacoes 
       add column acao_requerida varchar(255)
2025-08-13 16:42:26 - 
    alter table if exists notificacoes 
       add column categoria varchar(255)
2025-08-13 16:42:26 - 
    alter table if exists notificacoes 
       add column data_ultima_tentativa timestamp(6)
2025-08-13 16:42:26 - 
    alter table if exists notificacoes 
       add column entidade_relacionada varchar(255)
2025-08-13 16:42:26 - 
    alter table if exists notificacoes 
       add column enviada_por_email boolean
2025-08-13 16:42:26 - 
    alter table if exists notificacoes 
       add column enviada_por_push boolean
2025-08-13 16:42:26 - 
    alter table if exists notificacoes 
       add column enviada_por_sms boolean
2025-08-13 16:42:26 - 
    alter table if exists notificacoes 
       add column erro_envio varchar(255)
2025-08-13 16:42:26 - 
    alter table if exists notificacoes 
       add column id_entidade_relacionada bigint
2025-08-13 16:42:26 - 
    alter table if exists notificacoes 
       alter column mensagem set data type varchar(2000)
2025-08-13 16:42:26 - 
    alter table if exists notificacoes 
       add column prioridade integer
2025-08-13 16:42:26 - 
    alter table if exists notificacoes 
       add column tentativas_envio integer
2025-08-13 16:42:26 - 
    alter table if exists notificacoes 
       add column url_acao varchar(255)
2025-08-13 16:42:26 - 
    create table perfil_permissoes (
        perfil_id bigint not null,
        permissao varchar(255)
    )
2025-08-13 16:42:26 - 
    alter table if exists perfis 
       alter column descricao set data type varchar(500)
2025-08-13 16:42:26 - 
    alter table if exists perfis 
       add column nivel_acesso integer
2025-08-13 16:42:26 - 
    alter table if exists usuarios 
       add column cargo varchar(255)
2025-08-13 16:42:26 - 
    alter table if exists usuarios 
       add column cep varchar(255)
2025-08-13 16:42:26 - 
    alter table if exists usuarios 
       add column cidade varchar(255)
2025-08-13 16:42:26 - 
    alter table if exists usuarios 
       add column cpf varchar(255)
2025-08-13 16:42:26 - 
    alter table if exists usuarios 
       add column data_bloqueio timestamp(6)
2025-08-13 16:42:26 - 
    alter table if exists usuarios 
       add column data_expiracao_senha timestamp(6)
2025-08-13 16:42:26 - 
    alter table if exists usuarios 
       add column data_nascimento timestamp(6)
2025-08-13 16:42:26 - 
    alter table if exists usuarios 
       add column departamento varchar(255)
2025-08-13 16:42:26 - 
    alter table if exists usuarios 
       add column endereco varchar(255)
2025-08-13 16:42:26 - 
    alter table if exists usuarios 
       add column estado varchar(255)
2025-08-13 16:42:26 - 
    alter table if exists usuarios 
       add column matricula varchar(255)
2025-08-13 16:42:26 - 
    alter table if exists usuarios 
       add column pais varchar(255)
2025-08-13 16:42:26 - 
    alter table if exists usuarios 
       add column telefone varchar(255)
2025-08-13 16:42:26 - 
    alter table if exists usuarios 
       add column tentativas_login_falha integer
2025-08-13 16:42:26 - 
    create index idx_bem_categoria 
       on bens (categoria_id)
2025-08-13 16:42:26 - 
    create index idx_bem_localizacao 
       on bens (localizacao_atual_id)
2025-08-13 16:42:26 - 
    create index idx_bem_status 
       on bens (status)
2025-08-13 16:42:26 - 
    create index idx_bem_condicao 
       on bens (condicao)
2025-08-13 16:42:26 - 
    create index idx_bem_data_aquisicao 
       on bens (data_aquisicao)
2025-08-13 16:42:26 - 
    alter table if exists inventario_bens 
       add constraint FKgew5ukuw48jjcxwr3fko4rgiv 
       foreign key (bem_id) 
       references bens
2025-08-13 16:42:26 - 
    alter table if exists inventario_bens 
       add constraint FKpmygawiek926g80a8t7isa8da 
       foreign key (inventario_id) 
       references inventarios
2025-08-13 16:42:26 - 
    alter table if exists perfil_permissoes 
       add constraint FKa3xkpy8id5afhyqscakb31wxi 
       foreign key (perfil_id) 
       references perfis
2025-08-13 16:42:26 - Initialized JPA EntityManagerFactory for persistence unit 'default'
2025-08-13 16:42:26 - Hibernate is in classpath; If applicable, HQL parser will be used.
2025-08-13 16:42:27 - Global AuthenticationManager configured with UserDetailsService bean with name userDetailsService
2025-08-13 16:42:28 - Exposing 6 endpoints beneath base path '/actuator'
2025-08-13 16:42:28 - Will secure any request with [org.springframework.security.web.session.DisableEncodeUrlFilter@62061bec, org.springframework.security.web.context.request.async.WebAsyncManagerIntegrationFilter@35d10409, org.springframework.security.web.context.SecurityContextHolderFilter@57514114, org.springframework.security.web.header.HeaderWriterFilter@225be644, org.springframework.web.filter.CorsFilter@7153164a, org.springframework.security.web.authentication.logout.LogoutFilter@53b2678, org.springframework.security.web.authentication.www.BasicAuthenticationFilter@136bb4b, org.springframework.security.web.savedrequest.RequestCacheAwareFilter@2e7075d4, org.springframework.security.web.servletapi.SecurityContextHolderAwareRequestFilter@45ae53aa, org.springframework.security.web.authentication.AnonymousAuthenticationFilter@575f4499, org.springframework.security.web.access.ExceptionTranslationFilter@51485383, org.springframework.security.web.access.intercept.AuthorizationFilter@72810bac]
2025-08-13 16:42:28 - Using ConnectionProvider class 'org.quartz.utils.HikariCpPoolingConnectionProvider' for data source 'quartzDataSource'
2025-08-13 16:42:28 - Using default implementation for ThreadExecutor
2025-08-13 16:42:28 - Job execution threads will use class loader of thread: main
2025-08-13 16:42:28 - Initialized Scheduler Signaller of type: class org.quartz.core.SchedulerSignalerImpl
2025-08-13 16:42:28 - Quartz Scheduler v.2.3.2 created.
2025-08-13 16:42:28 - Using thread monitor-based data access locking (synchronization).
2025-08-13 16:42:28 - JobStoreTX initialized.
2025-08-13 16:42:28 - Scheduler meta-data: Quartz Scheduler (v2.3.2) 'PatrimonioScheduler' with instanceId 'NON_CLUSTERED'
  Scheduler class: 'org.quartz.core.QuartzScheduler' - running locally.
  NOT STARTED.
  Currently in standby mode.
  Number of jobs executed: 0
  Using thread pool 'org.quartz.simpl.SimpleThreadPool' - with 10 threads.
  Using job-store 'org.quartz.impl.jdbcjobstore.JobStoreTX' - which supports persistence. and is not clustered.

2025-08-13 16:42:28 - Quartz scheduler 'PatrimonioScheduler' initialized from an externally provided properties instance.
2025-08-13 16:42:28 - Quartz scheduler version: 2.3.2
2025-08-13 16:42:28 - JobFactory set to: org.springframework.scheduling.quartz.SpringBeanJobFactory@3adeb7d5
2025-08-13 16:42:28 - Starting Quartz Scheduler now
2025-08-13 16:42:28 - HikariPool-2 - Starting...
2025-08-13 16:42:28 - HikariPool-2 - Added connection org.postgresql.jdbc.PgConnection@19d6da87
2025-08-13 16:42:28 - HikariPool-2 - Start completed.
2025-08-13 16:42:28 - Freed 0 triggers from 'acquired' / 'blocked' state.
2025-08-13 16:42:28 - Recovering 0 jobs that were in-progress at the time of the last shut-down.
2025-08-13 16:42:28 - Recovery complete.
2025-08-13 16:42:28 - Removed 0 'complete' triggers.
2025-08-13 16:42:28 - Removed 0 stale fired job entries.
2025-08-13 16:42:28 - Scheduler PatrimonioScheduler_$_NON_CLUSTERED started.
2025-08-13 16:42:28 - Started PatrimonioApiApplicationTests in 5.226 seconds (process running for 5.728)
2025-08-13 16:42:28 - 
    select
        count(*) 
    from
        categorias c1_0
]]></system-out>
    <system-err><![CDATA[WARNING: A Java agent has been loaded dynamically (/home/jairo/.m2/repository/net/bytebuddy/byte-buddy-agent/1.14.16/byte-buddy-agent-1.14.16.jar)
WARNING: If a serviceability tool is in use, please run with -XX:+EnableDynamicAgentLoading to hide this warning
WARNING: If a serviceability tool is not in use, please run with -Djdk.instrument.traceUsage for more information
WARNING: Dynamic loading of agents will be disallowed by default in a future release
]]></system-err>
  </testcase>
</testsuite>